# JRE version: Java(TM) SE Runtime Environment (7.0_80-b15) (build 1.7.0_80-b15)
# Java VM: Java HotSpot(TM) 64-Bit Server VM (24.80-b11 mixed mode windows-amd64 compressed oops)
Heap
 PSYoungGen      total 38912K, used 24729K [0x00000000eaa80000, 0x00000000ed580000, 0x0000000100000000)
  eden space 33792K, 58% used [0x00000000eaa80000,0x00000000ebdf3860,0x00000000ecb80000)
  from space 5120K, 93% used [0x00000000ed080000,0x00000000ed532d38,0x00000000ed580000)
  to   space 5120K, 0% used [0x00000000ecb80000,0x00000000ecb80000,0x00000000ed080000)
 ParOldGen       total 87040K, used 16974K [0x00000000c0000000, 0x00000000c5500000, 0x00000000eaa80000)
  object space 87040K, 19% used [0x00000000c0000000,0x00000000c1093a20,0x00000000c5500000)
 PSPermGen       total 28672K, used 28258K [0x00000000b0000000, 0x00000000b1c00000, 0x00000000c0000000)
  object space 28672K, 98% used [0x00000000b0000000,0x00000000b1b989a0,0x00000000b1c00000)
GC Heap History (10 events):
Event: 6.799 GC heap before
{Heap before GC invocations=6 (full 0):
 PSYoungGen      total 38912K, used 38900K [0x00000000eaa80000, 0x00000000ed580000, 0x0000000100000000)
  eden space 33792K, 100% used [0x00000000eaa80000,0x00000000ecb80000,0x00000000ecb80000)
  from space 5120K, 99% used [0x00000000ecb80000,0x00000000ed07d0d0,0x00000000ed080000)
  to   space 5120K, 0% used [0x00000000ed080000,0x00000000ed080000,0x00000000ed580000)
 ParOldGen       total 87040K, used 8408K [0x00000000c0000000, 0x00000000c5500000, 0x00000000eaa80000)
  object space 87040K, 9% used [0x00000000c0000000,0x00000000c0836138,0x00000000c5500000)
 PSPermGen       total 21504K, used 20213K [0x00000000b0000000, 0x00000000b1500000, 0x00000000c0000000)
  object space 21504K, 94% used [0x00000000b0000000,0x00000000b13bd7a8,0x00000000b1500000)
Event: 6.806 GC heap after
Heap after GC invocations=6 (full 0):
 PSYoungGen      total 38912K, used 5112K [0x00000000eaa80000, 0x00000000ed580000, 0x0000000100000000)
  eden space 33792K, 0% used [0x00000000eaa80000,0x00000000eaa80000,0x00000000ecb80000)
  from space 5120K, 99% used [0x00000000ed080000,0x00000000ed57e0f0,0x00000000ed580000)
  to   space 5120K, 0% used [0x00000000ecb80000,0x00000000ecb80000,0x00000000ed080000)
 ParOldGen       total 87040K, used 8568K [0x00000000c0000000, 0x00000000c5500000, 0x00000000eaa80000)
  object space 87040K, 9% used [0x00000000c0000000,0x00000000c085e138,0x00000000c5500000)
 PSPermGen       total 21504K, used 20213K [0x00000000b0000000, 0x00000000b1500000, 0x00000000c0000000)
  object space 21504K, 94% used [0x00000000b0000000,0x00000000b13bd7a8,0x00000000b1500000)
}
Event: 6.943 GC heap before
{Heap before GC invocations=7 (full 0):
 PSYoungGen      total 38912K, used 38904K [0x00000000eaa80000, 0x00000000ed580000, 0x0000000100000000)
  eden space 33792K, 100% used [0x00000000eaa80000,0x00000000ecb80000,0x00000000ecb80000)
  from space 5120K, 99% used [0x00000000ed080000,0x00000000ed57e0f0,0x00000000ed580000)
  to   space 5120K, 0% used [0x00000000ecb80000,0x00000000ecb80000,0x00000000ed080000)
 ParOldGen       total 87040K, used 8568K [0x00000000c0000000, 0x00000000c5500000, 0x00000000eaa80000)
  object space 87040K, 9% used [0x00000000c0000000,0x00000000c085e138,0x00000000c5500000)
 PSPermGen       total 21504K, used 20223K [0x00000000b0000000, 0x00000000b1500000, 0x00000000c0000000)
  object space 21504K, 94% used [0x00000000b0000000,0x00000000b13bff80,0x00000000b1500000)
Event: 6.952 GC heap after
Heap after GC invocations=7 (full 0):
 PSYoungGen      total 38912K, used 2200K [0x00000000eaa80000, 0x00000000ed580000, 0x0000000100000000)
  eden space 33792K, 0% used [0x00000000eaa80000,0x00000000eaa80000,0x00000000ecb80000)
  from space 5120K, 42% used [0x00000000ecb80000,0x00000000ecda6110,0x00000000ed080000)
  to   space 5120K, 0% used [0x00000000ed080000,0x00000000ed080000,0x00000000ed580000)
 ParOldGen       total 87040K, used 11753K [0x00000000c0000000, 0x00000000c5500000, 0x00000000eaa80000)
  object space 87040K, 13% used [0x00000000c0000000,0x00000000c0b7a718,0x00000000c5500000)
 PSPermGen       total 21504K, used 20223K [0x00000000b0000000, 0x00000000b1500000, 0x00000000c0000000)
  object space 21504K, 94% used [0x00000000b0000000,0x00000000b13bff80,0x00000000b1500000)
}
Event: 7.657 GC heap before
{Heap before GC invocations=8 (full 0):
 PSYoungGen      total 38912K, used 35992K [0x00000000eaa80000, 0x00000000ed580000, 0x0000000100000000)
  eden space 33792K, 100% used [0x00000000eaa80000,0x00000000ecb80000,0x00000000ecb80000)
  from space 5120K, 42% used [0x00000000ecb80000,0x00000000ecda6110,0x00000000ed080000)
  to   space 5120K, 0% used [0x00000000ed080000,0x00000000ed080000,0x00000000ed580000)
 ParOldGen       total 87040K, used 11753K [0x00000000c0000000, 0x00000000c5500000, 0x00000000eaa80000)
  object space 87040K, 13% used [0x00000000c0000000,0x00000000c0b7a718,0x00000000c5500000)
 PSPermGen       total 23552K, used 23042K [0x00000000b0000000, 0x00000000b1700000, 0x00000000c0000000)
  object space 23552K, 97% used [0x00000000b0000000,0x00000000b1680808,0x00000000b1700000)
Event: 7.663 GC heap after
Heap after GC invocations=8 (full 0):
 PSYoungGen      total 38912K, used 4521K [0x00000000eaa80000, 0x00000000ed580000, 0x0000000100000000)
  eden space 33792K, 0% used [0x00000000eaa80000,0x00000000eaa80000,0x00000000ecb80000)
  from space 5120K, 88% used [0x00000000ed080000,0x00000000ed4ea7a0,0x00000000ed580000)
  to   space 5120K, 0% used [0x00000000ecb80000,0x00000000ecb80000,0x00000000ed080000)
 ParOldGen       total 87040K, used 13348K [0x00000000c0000000, 0x00000000c5500000, 0x00000000eaa80000)
  object space 87040K, 15% used [0x00000000c0000000,0x00000000c0d090b8,0x00000000c5500000)
 PSPermGen       total 23552K, used 23042K [0x00000000b0000000, 0x00000000b1700000, 0x00000000c0000000)
  object space 23552K, 97% used [0x00000000b0000000,0x00000000b1680808,0x00000000b1700000)
}
Event: 8.213 GC heap before
{Heap before GC invocations=9 (full 0):
 PSYoungGen      total 38912K, used 38313K [0x00000000eaa80000, 0x00000000ed580000, 0x0000000100000000)
  eden space 33792K, 100% used [0x00000000eaa80000,0x00000000ecb80000,0x00000000ecb80000)
  from space 5120K, 88% used [0x00000000ed080000,0x00000000ed4ea7a0,0x00000000ed580000)
  to   space 5120K, 0% used [0x00000000ecb80000,0x00000000ecb80000,0x00000000ed080000)
 ParOldGen       total 87040K, used 13348K [0x00000000c0000000, 0x00000000c5500000, 0x00000000eaa80000)
  object space 87040K, 15% used [0x00000000c0000000,0x00000000c0d090b8,0x00000000c5500000)
 PSPermGen       total 25088K, used 25047K [0x00000000b0000000, 0x00000000b1880000, 0x00000000c0000000)
  object space 25088K, 99% used [0x00000000b0000000,0x00000000b1875dc8,0x00000000b1880000)
Event: 8.219 GC heap after
Heap after GC invocations=9 (full 0):
 PSYoungGen      total 38912K, used 5109K [0x00000000eaa80000, 0x00000000ed580000, 0x0000000100000000)
  eden space 33792K, 0% used [0x00000000eaa80000,0x00000000eaa80000,0x00000000ecb80000)
  from space 5120K, 99% used [0x00000000ecb80000,0x00000000ed07d740,0x00000000ed080000)
  to   space 5120K, 0% used [0x00000000ed080000,0x00000000ed080000,0x00000000ed580000)
 ParOldGen       total 87040K, used 14802K [0x00000000c0000000, 0x00000000c5500000, 0x00000000eaa80000)
  object space 87040K, 17% used [0x00000000c0000000,0x00000000c0e749f0,0x00000000c5500000)
 PSPermGen       total 25088K, used 25047K [0x00000000b0000000, 0x00000000b1880000, 0x00000000c0000000)
  object space 25088K, 99% used [0x00000000b0000000,0x00000000b1875dc8,0x00000000b1880000)
}
Event: 9.572 GC heap before
{Heap before GC invocations=10 (full 0):
 PSYoungGen      total 38912K, used 38901K [0x00000000eaa80000, 0x00000000ed580000, 0x0000000100000000)
  eden space 33792K, 100% used [0x00000000eaa80000,0x00000000ecb80000,0x00000000ecb80000)
  from space 5120K, 99% used [0x00000000ecb80000,0x00000000ed07d740,0x00000000ed080000)
  to   space 5120K, 0% used [0x00000000ed080000,0x00000000ed080000,0x00000000ed580000)
 ParOldGen       total 87040K, used 14802K [0x00000000c0000000, 0x00000000c5500000, 0x00000000eaa80000)
  object space 87040K, 17% used [0x00000000c0000000,0x00000000c0e749f0,0x00000000c5500000)
 PSPermGen       total 28160K, used 27926K [0x00000000b0000000, 0x00000000b1b80000, 0x00000000c0000000)
  object space 28160K, 99% used [0x00000000b0000000,0x00000000b1b45920,0x00000000b1b80000)
Event: 9.578 GC heap after
Heap after GC invocations=10 (full 0):
 PSYoungGen      total 38912K, used 4811K [0x00000000eaa80000, 0x00000000ed580000, 0x0000000100000000)
  eden space 33792K, 0% used [0x00000000eaa80000,0x00000000eaa80000,0x00000000ecb80000)
  from space 5120K, 93% used [0x00000000ed080000,0x00000000ed532d38,0x00000000ed580000)
  to   space 5120K, 0% used [0x00000000ecb80000,0x00000000ecb80000,0x00000000ed080000)
 ParOldGen       total 87040K, used 16974K [0x00000000c0000000, 0x00000000c5500000, 0x00000000eaa80000)
  object space 87040K, 19% used [0x00000000c0000000,0x00000000c1093a20,0x00000000c5500000)
 PSPermGen       total 28160K, used 27926K [0x00000000b0000000, 0x00000000b1b80000, 0x00000000c0000000)
  object space 28160K, 99% used [0x00000000b0000000,0x00000000b1b45920,0x00000000b1b80000)
}

